<?xml version="1.0" encoding="UTF-8"?>
<!-- Generated by org.testng.reporters.JUnitReportReporter -->
<testsuite hostname="DESKTOP-9KBGIMS" failures="0" tests="1" name="com.Pages.HomePage" time="5.613" errors="0" timestamp="2025-03-23T21:28:47 IST" skipped="0">
  <testcase classname="com.Pages.HomePage" name="launchApp" time="5.613"/>
  <system-out/>
</testsuite> <!-- com.Pages.HomePage -->
