<?xml version="1.0" encoding="UTF-8"?>
<!-- Generated by org.testng.reporters.JUnitReportReporter -->
<testsuite hostname="DESKTOP-9KBGIMS" failures="0" tests="1" name="com.Base.BaseClass" time="4.961" errors="0" timestamp="2025-03-23T23:20:26 IST" skipped="0">
  <testcase classname="com.Base.BaseClass" name="launchApp" time="4.961"/>
  <system-out/>
</testsuite> <!-- com.Base.BaseClass -->
